<?xml version="1.0" encoding="UTF-8"?>
<!-- Generated by org.testng.reporters.JUnitReportReporter -->
<testsuite hostname="NODE1688" failures="0" tests="1" name="script.TestClass1" time="9.690" errors="0" timestamp="25 Jul 2022 02:55:37 GMT" skipped="0">
  <testcase classname="script.TestClass1" name="testA" time="9.690"/>
</testsuite> <!-- script.TestClass1 -->
