<?xml version="1.0" encoding="UTF-8"?>
<!-- Generated by org.testng.reporters.JUnitReportReporter -->
<testsuite hostname="NODE1688" failures="0" tests="1" name="script.ValidLogin" time="33.660" errors="0" timestamp="29 Jul 2022 02:27:13 GMT" skipped="0">
  <testcase classname="script.ValidLogin" name="testValidLogin" time="33.660"/>
</testsuite> <!-- script.ValidLogin -->
