<?xml version="1.0" encoding="UTF-8"?>
<!-- Generated by org.testng.reporters.JUnitReportReporter -->
<testsuite hostname="NODE1688" failures="0" tests="1" name="script.InvalidLogin" time="26.920" errors="0" timestamp="29 Jul 2022 02:27:51 GMT" skipped="0">
  <testcase classname="script.InvalidLogin" name="testInvalidLogin" time="26.920"/>
</testsuite> <!-- script.InvalidLogin -->
